<?xml version="1.0" encoding="UTF-8"?>
<!-- Generated by org.testng.reporters.JUnitReportReporter -->
<testsuite hostname="LAPTOP-85GUOTOG" failures="0" tests="2" name="TestRunner.CucumberTestRunner" time="20.002" errors="0" timestamp="2025-09-17T23:44:26 IST" skipped="0">
  <testcase classname="TestRunner.CucumberTestRunner" name="runScenario" time="9.567"/>
  <system-out/>
  <testcase classname="TestRunner.CucumberTestRunner" name="runScenario" time="10.435"/>
  <system-out/>
</testsuite> <!-- TestRunner.CucumberTestRunner -->
