<?xml version="1.0" encoding="UTF-8"?>
<!-- Generated by org.testng.reporters.JUnitReportReporter -->
<testsuite hostname="LAPTOP-85GUOTOG" failures="0" tests="1" name="TestRunner.CucumberTestRunnerChromeTest" time="9.224" errors="0" timestamp="2025-09-18T10:54:05 IST" skipped="0">
  <testcase classname="TestRunner.CucumberTestRunnerChromeTest" name="runScenario" time="9.224"/>
  <system-out/>
</testsuite> <!-- TestRunner.CucumberTestRunnerChromeTest -->
