<?xml version="1.0" encoding="UTF-8"?>
<!-- Generated by org.testng.reporters.JUnitReportReporter -->
<testsuite hostname="LAPTOP-85GUOTOG" failures="0" tests="1" name="TestRunner.CucumberTestRunnerCartRemove" time="11.830" errors="0" timestamp="2025-09-17T23:42:15 IST" skipped="0">
  <testcase classname="TestRunner.CucumberTestRunnerCartRemove" name="runScenario" time="11.830"/>
  <system-out/>
</testsuite> <!-- TestRunner.CucumberTestRunnerCartRemove -->
