<?xml version="1.0" encoding="UTF-8"?>
<!-- Generated by org.testng.reporters.JUnitReportReporter -->
<testsuite hostname="LAPTOP-85GUOTOG" failures="0" tests="1" name="TestRunner.CucumberTestRunnerFirefoxTest" time="7.926" errors="0" timestamp="2025-09-18T18:55:46 IST" skipped="0">
  <testcase classname="TestRunner.CucumberTestRunnerFirefoxTest" name="runScenario" time="7.926"/>
  <system-out/>
</testsuite> <!-- TestRunner.CucumberTestRunnerFirefoxTest -->
